<?xml version="1.0" encoding="UTF-8"?><rspec xmlns="http://www.geni.net/resources/rspec/3" xmlns:delay="http://www.protogeni.net/resources/rspec/ext/delay/1" xmlns:emulab="http://www.protogeni.net/resources/rspec/ext/emulab/1" xmlns:flack="http://www.protogeni.net/resources/rspec/ext/flack/1" xmlns:jFed="http://jfed.iminds.be/rspec/ext/jfed/1" xmlns:jFedBonfire="http://jfed.iminds.be/rspec/ext/jfed-bonfire/1" xmlns:jFed_command="http://jfed.iminds.be/rspec/ext/jfed-command/1" xmlns:jfed-ssh-keys="http://jfed.iminds.be/rspec/ext/jfed-ssh-keys/1" xmlns:ns11="http://www.geni.net/resources/rspec/ext/shared-vlan/1" xmlns:sharedvlan="http://www.protogeni.net/resources/rspec/ext/shared-vlan/1" xmlns:xsi="http://www.w3.org/2001/XMLSchema-instance" expires="2014-09-16T10:34:22Z" generated="2014-08-21T10:33:58.633+02:00" generated_by="Experimental jFed Rspec Editor" type="manifest" xsi:schemaLocation="http://www.geni.net/resources/rspec/3 http://www.geni.net/resources/rspec/3/manifest.xsd">
    <node client_id="SS1" component_id="urn:publicid:IDN+wall1.ilabt.iminds.be+node+n144-11a" component_manager_id="urn:publicid:IDN+wall1.ilabt.iminds.be+authority+cm" exclusive="true" sliver_id="urn:publicid:IDN+wall1.ilabt.iminds.be+sliver+23482">
        <sliver_type name="raw-pc"/>
        <services>
            <execute command="sudo route del default gw 10.2.15.254" shell="sh"/>
            <execute command="sudo route add default gw 10.2.15.253" shell="sh"/>
            <execute command="sudo apt-get update" shell="sh"/>
            <execute command="sudo apt-get install python python-mysqldb -y" shell="sh"/>
            <execute command="sudo wget --no-check-certificate https://googledrive.com/host/0B7vtkY3QTQrkZ0RXNm1KcEs0ZW8 -O /users/jbecedas/satellite.py" shell="sh"/>
            <execute command="sudo wget --no-check-certificate https://googledrive.com/host/0B7vtkY3QTQrkXzF4OERoNGJGbzg -O /users/jbecedas/groundstation.py" shell="sh"/>
            <execute command="sudo wget --no-check-certificate https://googledrive.com/host/0B7vtkY3QTQrkYi1GTnZyU0o3Tlk -O /users/jbecedas/push_dbIP.sh" shell="sh"/>
            <execute command="sudo bash /users/jbecedas/add_wanBF.sh" shell="sh"/>
            <execute command="sudo bash /users/jbecedas/push_dbIP.sh 129.215.175.148" shell="sh"/>
            <login authentication="ssh-keys" hostname="n144-11a.wall1.ilabt.iminds.be" port="22" username="jbecedas"/>
        </services>
        <jFed:location x="239.0" y="82.0"/>
        <jFed:nodeDescription>simple-node</jFed:nodeDescription>
        <interface client_id="SS1:if0" component_id="urn:publicid:IDN+wall1.ilabt.iminds.be+interface+n144-11a:eth3" mac_address="002590300ba5" sliver_id="urn:publicid:IDN+wall1.ilabt.iminds.be+sliver+23498">
            <ip address="192.168.1.1" type="ipv4"/>
        </interface>
        <interface client_id="SS1:if2" component_id="urn:publicid:IDN+wall1.ilabt.iminds.be+interface+n144-11a:eth5" mac_address="002590300ba7" sliver_id="urn:publicid:IDN+wall1.ilabt.iminds.be+sliver+23501">
            <ip address="192.168.2.1" type="ipv4"/>
        </interface>
        <interface client_id="SS1:if3" component_id="urn:publicid:IDN+wall1.ilabt.iminds.be+interface+n144-11a:eth2" mac_address="002590300ba4" sliver_id="urn:publicid:IDN+wall1.ilabt.iminds.be+sliver+23504">
            <ip address="192.168.3.1" type="ipv4"/>
        </interface>
        <interface client_id="SS1:if4" component_id="urn:publicid:IDN+wall1.ilabt.iminds.be+interface+n144-11a:eth4" mac_address="002590300ba6" sliver_id="urn:publicid:IDN+wall1.ilabt.iminds.be+sliver+23507">
            <ip address="192.168.4.1" type="ipv4"/>
        </interface>
        <emulab:vnode name="n144-11a"/>
        <host name="SS1.DEIMO.wall2-ilabt-iminds-be.wall1.ilabt.iminds.be"/>
    </node>
    <node client_id="SS2" component_id="urn:publicid:IDN+wall1.ilabt.iminds.be+node+n144-12b" component_manager_id="urn:publicid:IDN+wall1.ilabt.iminds.be+authority+cm" exclusive="true" sliver_id="urn:publicid:IDN+wall1.ilabt.iminds.be+sliver+23485">
        <sliver_type name="raw-pc"/>
        <services>
            <execute command="sudo route del default gw 10.2.15.254" shell="sh"/>
            <execute command="sudo route add default gw 10.2.15.253" shell="sh"/>
            <execute command="sudo apt-get update" shell="sh"/>
            <execute command="sudo apt-get install python python-mysqldb -y" shell="sh"/>
            <execute command="sudo wget --no-check-certificate https://googledrive.com/host/0B7vtkY3QTQrkZ0RXNm1KcEs0ZW8 -O /users/jbecedas/satellite.py" shell="sh"/>
            <execute command="sudo wget --no-check-certificate https://googledrive.com/host/0B7vtkY3QTQrkXzF4OERoNGJGbzg -O /users/jbecedas/groundstation.py" shell="sh"/>
            <execute command="sudo wget --no-check-certificate https://googledrive.com/host/0B7vtkY3QTQrkYi1GTnZyU0o3Tlk -O /users/jbecedas/push_dbIP.sh" shell="sh"/>
            <execute command="sudo bash /users/jbecedas/add_wanBF.sh" shell="sh"/>
            <execute command="sudo bash /users/jbecedas/push_dbIP.sh 129.215.175.148" shell="sh"/>
            <login authentication="ssh-keys" hostname="n144-12b.wall1.ilabt.iminds.be" port="22" username="jbecedas"/>
        </services>
        <jFed:location x="805.0" y="65.0"/>
        <jFed:nodeDescription>simple-node</jFed:nodeDescription>
        <interface client_id="SS2:if0" component_id="urn:publicid:IDN+wall1.ilabt.iminds.be+interface+n144-12b:eth4" mac_address="002590300b12" sliver_id="urn:publicid:IDN+wall1.ilabt.iminds.be+sliver+23511">
            <ip address="192.168.5.2" type="ipv4"/>
        </interface>
        <interface client_id="SS2:if1" component_id="urn:publicid:IDN+wall1.ilabt.iminds.be+interface+n144-12b:eth3" mac_address="002590300b11" sliver_id="urn:publicid:IDN+wall1.ilabt.iminds.be+sliver+23513">
            <ip address="192.168.6.1" type="ipv4"/>
        </interface>
        <interface client_id="SS2:if2" component_id="urn:publicid:IDN+wall1.ilabt.iminds.be+interface+n144-12b:eth2" mac_address="002590300b10" sliver_id="urn:publicid:IDN+wall1.ilabt.iminds.be+sliver+23516">
            <ip address="192.168.7.1" type="ipv4"/>
        </interface>
        <interface client_id="SS2:if3" component_id="urn:publicid:IDN+wall1.ilabt.iminds.be+interface+n144-12b:eth5" mac_address="002590300b13" sliver_id="urn:publicid:IDN+wall1.ilabt.iminds.be+sliver+23519">
            <ip address="192.168.8.1" type="ipv4"/>
        </interface>
        <emulab:vnode name="n144-12b"/>
        <host name="SS2.DEIMO.wall2-ilabt-iminds-be.wall1.ilabt.iminds.be"/>
    </node>
    <node client_id="SS3" component_id="urn:publicid:IDN+wall1.ilabt.iminds.be+node+n144-10a" component_manager_id="urn:publicid:IDN+wall1.ilabt.iminds.be+authority+cm" exclusive="true" sliver_id="urn:publicid:IDN+wall1.ilabt.iminds.be+sliver+23481">
        <sliver_type name="raw-pc"/>
        <services>
            <execute command="sudo route del default gw 10.2.15.254" shell="sh"/>
            <execute command="sudo route add default gw 10.2.15.253" shell="sh"/>
            <execute command="sudo apt-get update" shell="sh"/>
            <execute command="sudo apt-get install python python-mysqldb -y" shell="sh"/>
            <execute command="sudo wget --no-check-certificate https://googledrive.com/host/0B7vtkY3QTQrkZ0RXNm1KcEs0ZW8 -O /users/jbecedas/satellite.py" shell="sh"/>
            <execute command="sudo wget --no-check-certificate https://googledrive.com/host/0B7vtkY3QTQrkXzF4OERoNGJGbzg -O /users/jbecedas/groundstation.py" shell="sh"/>
            <execute command="sudo bash /users/jbecedas/add_wanBF.sh" shell="sh"/>
            <execute command="sudo wget --no-check-certificate https://googledrive.com/host/0B7vtkY3QTQrkYi1GTnZyU0o3Tlk -O /users/jbecedas/push_dbIP.sh" shell="sh"/>
            <execute command="sudo bash /users/jbecedas/push_dbIP.sh 129.215.175.148" shell="sh"/>
            <login authentication="ssh-keys" hostname="n144-10a.wall1.ilabt.iminds.be" port="22" username="jbecedas"/>
        </services>
        <jFed:location x="1271.0" y="72.0"/>
        <jFed:nodeDescription>simple-node</jFed:nodeDescription>
        <interface client_id="SS3:if0" component_id="urn:publicid:IDN+wall1.ilabt.iminds.be+interface+n144-10a:eth4" mac_address="002590301006" sliver_id="urn:publicid:IDN+wall1.ilabt.iminds.be+sliver+23523">
            <ip address="192.168.9.2" type="ipv4"/>
        </interface>
        <interface client_id="SS3:if1" component_id="urn:publicid:IDN+wall1.ilabt.iminds.be+interface+n144-10a:eth3" mac_address="002590301005" sliver_id="urn:publicid:IDN+wall1.ilabt.iminds.be+sliver+23525">
            <ip address="192.168.10.1" type="ipv4"/>
        </interface>
        <interface client_id="SS3:if2" component_id="urn:publicid:IDN+wall1.ilabt.iminds.be+interface+n144-10a:eth2" mac_address="002590301004" sliver_id="urn:publicid:IDN+wall1.ilabt.iminds.be+sliver+23529">
            <ip address="192.168.11.2" type="ipv4"/>
        </interface>
        <interface client_id="SS3:if3" component_id="urn:publicid:IDN+wall1.ilabt.iminds.be+interface+n144-10a:eth5" mac_address="002590301007" sliver_id="urn:publicid:IDN+wall1.ilabt.iminds.be+sliver+23531">
            <ip address="192.168.12.1" type="ipv4"/>
        </interface>
        <emulab:vnode name="n144-10a"/>
        <host name="SS3.DEIMO.wall2-ilabt-iminds-be.wall1.ilabt.iminds.be"/>
    </node>
    <node client_id="GS1" component_id="urn:publicid:IDN+wall1.ilabt.iminds.be+node+n144-13a" component_manager_id="urn:publicid:IDN+wall1.ilabt.iminds.be+authority+cm" exclusive="true" sliver_id="urn:publicid:IDN+wall1.ilabt.iminds.be+sliver+23488">
        <sliver_type name="raw-pc"/>
        <services>
            <execute command="sudo route del default gw 10.2.15.254" shell="sh"/>
            <execute command="sudo route add default gw 10.2.15.253" shell="sh"/>
            <execute command="sudo apt-get update" shell="sh"/>
            <execute command="sudo apt-get install python python-mysqldb -y" shell="sh"/>
            <execute command="sudo wget --no-check-certificate https://googledrive.com/host/0B7vtkY3QTQrkZ0RXNm1KcEs0ZW8 -O /users/jbecedas/satellite.py" shell="sh"/>
            <execute command="sudo wget --no-check-certificate https://googledrive.com/host/0B7vtkY3QTQrkXzF4OERoNGJGbzg -O /users/jbecedas/groundstation.py" shell="sh"/>
            <execute command="sudo wget --no-check-certificate https://googledrive.com/host/0B7vtkY3QTQrkcVpzbll3eTk5djg -O /users/jbecedas/add_wanBF.sh" shell="sh"/>
            <execute command="sudo wget --no-check-certificate https://googledrive.com/host/0B7vtkY3QTQrkMVVoWWJ6b3FtNG8 -O /users/jbecedas/install_ftp.sh" shell="sh"/>
            <execute command="sudo bash /users/jbecedas/add_wanBF.sh" shell="sh"/>
            <execute command="sudo bash /users/jbecedas/install_ftp.sh" shell="sh"/>
            <execute command="sudo wget --no-check-certificate https://googledrive.com/host/0B7vtkY3QTQrkYi1GTnZyU0o3Tlk -O /users/jbecedas/push_dbIP.sh" shell="sh"/>
            <execute command="sudo bash /users/jbecedas/push_dbIP.sh 129.215.175.148" shell="sh"/>
            <execute command="sudo touch /tmp/original.bin" shell="sh"/>
            <login authentication="ssh-keys" hostname="n144-13a.wall1.ilabt.iminds.be" port="22" username="jbecedas"/>
        </services>
        <jFed:location x="3.0" y="240.0"/>
        <jFed:nodeDescription>simple-node</jFed:nodeDescription>
        <interface client_id="node3:if0" component_id="urn:publicid:IDN+wall1.ilabt.iminds.be+interface+n144-13a:eth4" mac_address="002590300b06" sliver_id="urn:publicid:IDN+wall1.ilabt.iminds.be+sliver+23499">
            <ip address="192.168.1.2" type="ipv4"/>
        </interface>
        <emulab:vnode name="n144-13a"/>
        <host name="GS1.DEIMO.wall2-ilabt-iminds-be.wall1.ilabt.iminds.be"/>
    </node>
    <node client_id="GS2" component_id="urn:publicid:IDN+wall1.ilabt.iminds.be+node+n142-10a" component_manager_id="urn:publicid:IDN+wall1.ilabt.iminds.be+authority+cm" exclusive="true" sliver_id="urn:publicid:IDN+wall1.ilabt.iminds.be+sliver+23495">
        <sliver_type name="raw-pc"/>
        <services>
            <execute command="sudo route del default gw 10.2.15.254" shell="sh"/>
            <execute command="sudo route add default gw 10.2.15.253" shell="sh"/>
            <execute command="sudo apt-get update" shell="sh"/>
            <execute command="sudo apt-get install python python-mysqldb -y" shell="sh"/>
            <execute command="sudo wget --no-check-certificate https://googledrive.com/host/0B7vtkY3QTQrkZ0RXNm1KcEs0ZW8 -O /users/jbecedas/satellite.py" shell="sh"/>
            <execute command="sudo wget --no-check-certificate https://googledrive.com/host/0B7vtkY3QTQrkXzF4OERoNGJGbzg -O /users/jbecedas/groundstation.py" shell="sh"/>
            <execute command="sudo wget --no-check-certificate https://googledrive.com/host/0B7vtkY3QTQrkcVpzbll3eTk5djg -O /users/jbecedas/add_wanBF.sh" shell="sh"/>
            <execute command="sudo wget --no-check-certificate https://googledrive.com/host/0B7vtkY3QTQrkMVVoWWJ6b3FtNG8 -O /users/jbecedas/install_ftp.sh" shell="sh"/>
            <execute command="sudo bash /users/jbecedas/add_wanBF.sh" shell="sh"/>
            <execute command="sudo bash /users/jbecedas/install_ftp.sh" shell="sh"/>
            <execute command="sudo wget --no-check-certificate https://googledrive.com/host/0B7vtkY3QTQrkYi1GTnZyU0o3Tlk -O /users/jbecedas/push_dbIP.sh" shell="sh"/>
            <execute command="sudo bash /users/jbecedas/push_dbIP.sh 129.215.175.148" shell="sh"/>
            <execute command="sudo touch /tmp/original.bin" shell="sh"/>
            <login authentication="ssh-keys" hostname="n142-10a.wall1.ilabt.iminds.be" port="22" username="jbecedas"/>
        </services>
        <jFed:location x="449.0" y="235.0"/>
        <jFed:nodeDescription>simple-node</jFed:nodeDescription>
        <interface client_id="node4:if0" component_id="urn:publicid:IDN+wall1.ilabt.iminds.be+interface+n142-10a:eth4" mac_address="00259033b382" sliver_id="urn:publicid:IDN+wall1.ilabt.iminds.be+sliver+23505">
            <ip address="192.168.3.2" type="ipv4"/>
        </interface>
        <emulab:vnode name="n142-10a"/>
        <host name="GS2.DEIMO.wall2-ilabt-iminds-be.wall1.ilabt.iminds.be"/>
    </node>
    <node client_id="GS3" component_id="urn:publicid:IDN+wall1.ilabt.iminds.be+node+n142-07a" component_manager_id="urn:publicid:IDN+wall1.ilabt.iminds.be+authority+cm" exclusive="true" sliver_id="urn:publicid:IDN+wall1.ilabt.iminds.be+sliver+23484">
        <sliver_type name="raw-pc"/>
        <services>
            <execute command="sudo route del default gw 10.2.15.254" shell="sh"/>
            <execute command="sudo route add default gw 10.2.15.253" shell="sh"/>
            <execute command="sudo apt-get update" shell="sh"/>
            <execute command="sudo apt-get install python python-mysqldb -y" shell="sh"/>
            <execute command="sudo wget --no-check-certificate https://googledrive.com/host/0B7vtkY3QTQrkZ0RXNm1KcEs0ZW8 -O /users/jbecedas/satellite.py" shell="sh"/>
            <execute command="sudo wget --no-check-certificate https://googledrive.com/host/0B7vtkY3QTQrkXzF4OERoNGJGbzg -O /users/jbecedas/groundstation.py" shell="sh"/>
            <execute command="sudo wget --no-check-certificate https://googledrive.com/host/0B7vtkY3QTQrkcVpzbll3eTk5djg -O /users/jbecedas/add_wanBF.sh" shell="sh"/>
            <execute command="sudo wget --no-check-certificate https://googledrive.com/host/0B7vtkY3QTQrkMVVoWWJ6b3FtNG8 -O /users/jbecedas/install_ftp.sh" shell="sh"/>
            <execute command="sudo bash /users/jbecedas/add_wanBF.sh" shell="sh"/>
            <execute command="sudo bash /users/jbecedas/install_ftp.sh" shell="sh"/>
            <execute command="sudo wget --no-check-certificate https://googledrive.com/host/0B7vtkY3QTQrkYi1GTnZyU0o3Tlk -O /users/jbecedas/push_dbIP.sh" shell="sh"/>
            <execute command="sudo bash /users/jbecedas/push_dbIP.sh 129.215.175.148" shell="sh"/>
            <execute command="sudo touch /tmp/original.bin" shell="sh"/>
            <login authentication="ssh-keys" hostname="n142-07a.wall1.ilabt.iminds.be" port="22" username="jbecedas"/>
        </services>
        <jFed:location x="47.0" y="463.0"/>
        <jFed:nodeDescription>simple-node</jFed:nodeDescription>
        <interface client_id="node5:if0" component_id="urn:publicid:IDN+wall1.ilabt.iminds.be+interface+n142-07a:eth3" mac_address="003048de62e5" sliver_id="urn:publicid:IDN+wall1.ilabt.iminds.be+sliver+23502">
            <ip address="192.168.2.2" type="ipv4"/>
        </interface>
        <emulab:vnode name="n142-07a"/>
        <host name="GS3.DEIMO.wall2-ilabt-iminds-be.wall1.ilabt.iminds.be"/>
    </node>
    <node client_id="GS4" component_id="urn:publicid:IDN+wall1.ilabt.iminds.be+node+n142-08a" component_manager_id="urn:publicid:IDN+wall1.ilabt.iminds.be+authority+cm" exclusive="true" sliver_id="urn:publicid:IDN+wall1.ilabt.iminds.be+sliver+23494">
        <sliver_type name="raw-pc"/>
        <services>
            <execute command="sudo route del default gw 10.2.15.254" shell="sh"/>
            <execute command="sudo route add default gw 10.2.15.253" shell="sh"/>
            <execute command="sudo apt-get update" shell="sh"/>
            <execute command="sudo apt-get install python python-mysqldb -y" shell="sh"/>
            <execute command="sudo wget --no-check-certificate https://googledrive.com/host/0B7vtkY3QTQrkZ0RXNm1KcEs0ZW8 -O /users/jbecedas/satellite.py" shell="sh"/>
            <execute command="sudo wget --no-check-certificate https://googledrive.com/host/0B7vtkY3QTQrkXzF4OERoNGJGbzg -O /users/jbecedas/groundstation.py" shell="sh"/>
            <execute command="sudo wget --no-check-certificate https://googledrive.com/host/0B7vtkY3QTQrkcVpzbll3eTk5djg -O /users/jbecedas/add_wanBF.sh" shell="sh"/>
            <execute command="sudo wget --no-check-certificate https://googledrive.com/host/0B7vtkY3QTQrkMVVoWWJ6b3FtNG8 -O /users/jbecedas/install_ftp.sh" shell="sh"/>
            <execute command="sudo bash /users/jbecedas/add_wanBF.sh" shell="sh"/>
            <execute command="sudo bash /users/jbecedas/install_ftp.sh" shell="sh"/>
            <execute command="sudo wget --no-check-certificate https://googledrive.com/host/0B7vtkY3QTQrkYi1GTnZyU0o3Tlk -O /users/jbecedas/push_dbIP.sh" shell="sh"/>
            <execute command="sudo bash /users/jbecedas/push_dbIP.sh 129.215.175.148" shell="sh"/>
            <execute command="sudo touch /tmp/original.bin" shell="sh"/>
            <login authentication="ssh-keys" hostname="n142-08a.wall1.ilabt.iminds.be" port="22" username="jbecedas"/>
        </services>
        <jFed:location x="374.0" y="462.0"/>
        <jFed:nodeDescription>simple-node</jFed:nodeDescription>
        <interface client_id="node6:if0" component_id="urn:publicid:IDN+wall1.ilabt.iminds.be+interface+n142-08a:eth3" mac_address="003048de62cd" sliver_id="urn:publicid:IDN+wall1.ilabt.iminds.be+sliver+23508">
            <ip address="192.168.4.2" type="ipv4"/>
        </interface>
        <emulab:vnode name="n142-08a"/>
        <host name="GS4.DEIMO.wall2-ilabt-iminds-be.wall1.ilabt.iminds.be"/>
    </node>
    <node client_id="GS5" component_id="urn:publicid:IDN+wall1.ilabt.iminds.be+node+n142-05a" component_manager_id="urn:publicid:IDN+wall1.ilabt.iminds.be+authority+cm" exclusive="true" sliver_id="urn:publicid:IDN+wall1.ilabt.iminds.be+sliver+23483">
        <sliver_type name="raw-pc"/>
        <services>
            <execute command="sudo route del default gw 10.2.15.254" shell="sh"/>
            <execute command="sudo route add default gw 10.2.15.253" shell="sh"/>
            <execute command="sudo apt-get update" shell="sh"/>
            <execute command="sudo apt-get install python python-mysqldb -y" shell="sh"/>
            <execute command="sudo wget --no-check-certificate https://googledrive.com/host/0B7vtkY3QTQrkZ0RXNm1KcEs0ZW8 -O /users/jbecedas/satellite.py" shell="sh"/>
            <execute command="sudo wget --no-check-certificate https://googledrive.com/host/0B7vtkY3QTQrkXzF4OERoNGJGbzg -O /users/jbecedas/groundstation.py" shell="sh"/>
            <execute command="sudo wget --no-check-certificate https://googledrive.com/host/0B7vtkY3QTQrkcVpzbll3eTk5djg -O /users/jbecedas/add_wanBF.sh" shell="sh"/>
            <execute command="sudo wget --no-check-certificate https://googledrive.com/host/0B7vtkY3QTQrkMVVoWWJ6b3FtNG8 -O /users/jbecedas/install_ftp.sh" shell="sh"/>
            <execute command="sudo bash /users/jbecedas/add_wanBF.sh" shell="sh"/>
            <execute command="sudo bash /users/jbecedas/install_ftp.sh" shell="sh"/>
            <execute command="sudo wget --no-check-certificate https://googledrive.com/host/0B7vtkY3QTQrkYi1GTnZyU0o3Tlk -O /users/jbecedas/push_dbIP.sh" shell="sh"/>
            <execute command="sudo bash /users/jbecedas/push_dbIP.sh 129.215.175.148" shell="sh"/>
            <execute command="sudo touch /tmp/original.bin" shell="sh"/>
            <login authentication="ssh-keys" hostname="n142-05a.wall1.ilabt.iminds.be" port="22" username="jbecedas"/>
        </services>
        <jFed:location x="621.0" y="219.0"/>
        <jFed:nodeDescription>simple-node</jFed:nodeDescription>
        <interface client_id="node7:if0" component_id="urn:publicid:IDN+wall1.ilabt.iminds.be+interface+n142-05a:eth3" mac_address="003048de6379" sliver_id="urn:publicid:IDN+wall1.ilabt.iminds.be+sliver+23510">
            <ip address="192.168.5.1" type="ipv4"/>
        </interface>
        <emulab:vnode name="n142-05a"/>
        <host name="GS5.DEIMO.wall2-ilabt-iminds-be.wall1.ilabt.iminds.be"/>
    </node>
    <node client_id="GS6" component_id="urn:publicid:IDN+wall1.ilabt.iminds.be+node+n143-05a" component_manager_id="urn:publicid:IDN+wall1.ilabt.iminds.be+authority+cm" exclusive="true" sliver_id="urn:publicid:IDN+wall1.ilabt.iminds.be+sliver+23493">
        <sliver_type name="raw-pc"/>
        <services>
            <execute command="sudo route del default gw 10.2.15.254" shell="sh"/>
            <execute command="sudo route add default gw 10.2.15.253" shell="sh"/>
            <execute command="sudo apt-get update" shell="sh"/>
            <execute command="sudo apt-get install python python-mysqldb -y" shell="sh"/>
            <execute command="sudo wget --no-check-certificate https://googledrive.com/host/0B7vtkY3QTQrkZ0RXNm1KcEs0ZW8 -O /users/jbecedas/satellite.py" shell="sh"/>
            <execute command="sudo wget --no-check-certificate https://googledrive.com/host/0B7vtkY3QTQrkXzF4OERoNGJGbzg -O /users/jbecedas/groundstation.py" shell="sh"/>
            <execute command="sudo wget --no-check-certificate https://googledrive.com/host/0B7vtkY3QTQrkcVpzbll3eTk5djg -O /users/jbecedas/add_wanBF.sh" shell="sh"/>
            <execute command="sudo wget --no-check-certificate https://googledrive.com/host/0B7vtkY3QTQrkMVVoWWJ6b3FtNG8 -O /users/jbecedas/install_ftp.sh" shell="sh"/>
            <execute command="sudo bash /users/jbecedas/add_wanBF.sh" shell="sh"/>
            <execute command="sudo bash /users/jbecedas/install_ftp.sh" shell="sh"/>
            <execute command="sudo wget --no-check-certificate https://googledrive.com/host/0B7vtkY3QTQrkYi1GTnZyU0o3Tlk -O /users/jbecedas/push_dbIP.sh" shell="sh"/>
            <execute command="sudo bash /users/jbecedas/push_dbIP.sh 129.215.175.148" shell="sh"/>
            <execute command="sudo touch /tmp/original.bin" shell="sh"/>
            <login authentication="ssh-keys" hostname="n143-05a.wall1.ilabt.iminds.be" port="22" username="jbecedas"/>
        </services>
        <jFed:location x="1011.0" y="203.0"/>
        <jFed:nodeDescription>simple-node</jFed:nodeDescription>
        <interface client_id="node8:if0" component_id="urn:publicid:IDN+wall1.ilabt.iminds.be+interface+n143-05a:eth4" mac_address="002590300b66" sliver_id="urn:publicid:IDN+wall1.ilabt.iminds.be+sliver+23514">
            <ip address="192.168.6.2" type="ipv4"/>
        </interface>
        <emulab:vnode name="n143-05a"/>
        <host name="GS6.DEIMO.wall2-ilabt-iminds-be.wall1.ilabt.iminds.be"/>
    </node>
    <node client_id="GS7" component_id="urn:publicid:IDN+wall1.ilabt.iminds.be+node+n142-05b" component_manager_id="urn:publicid:IDN+wall1.ilabt.iminds.be+authority+cm" exclusive="true" sliver_id="urn:publicid:IDN+wall1.ilabt.iminds.be+sliver+23487">
        <sliver_type name="raw-pc"/>
        <services>
            <execute command="sudo route del default gw 10.2.15.254" shell="sh"/>
            <execute command="sudo route add default gw 10.2.15.253" shell="sh"/>
            <execute command="sudo apt-get update" shell="sh"/>
            <execute command="sudo apt-get install python python-mysqldb -y" shell="sh"/>
            <execute command="sudo wget --no-check-certificate https://googledrive.com/host/0B7vtkY3QTQrkZ0RXNm1KcEs0ZW8 -O /users/jbecedas/satellite.py" shell="sh"/>
            <execute command="sudo wget --no-check-certificate https://googledrive.com/host/0B7vtkY3QTQrkXzF4OERoNGJGbzg -O /users/jbecedas/groundstation.py" shell="sh"/>
            <execute command="sudo wget --no-check-certificate https://googledrive.com/host/0B7vtkY3QTQrkcVpzbll3eTk5djg -O /users/jbecedas/add_wanBF.sh" shell="sh"/>
            <execute command="sudo wget --no-check-certificate https://googledrive.com/host/0B7vtkY3QTQrkMVVoWWJ6b3FtNG8 -O /users/jbecedas/install_ftp.sh" shell="sh"/>
            <execute command="sudo bash /users/jbecedas/add_wanBF.sh" shell="sh"/>
            <execute command="sudo bash /users/jbecedas/install_ftp.sh" shell="sh"/>
            <execute command="sudo wget --no-check-certificate https://googledrive.com/host/0B7vtkY3QTQrkYi1GTnZyU0o3Tlk -O /users/jbecedas/push_dbIP.sh" shell="sh"/>
            <execute command="sudo bash /users/jbecedas/push_dbIP.sh 129.215.175.148" shell="sh"/>
            <execute command="sudo touch /tmp/original.bin" shell="sh"/>
            <login authentication="ssh-keys" hostname="n142-05b.wall1.ilabt.iminds.be" port="22" username="jbecedas"/>
        </services>
        <jFed:location x="630.0" y="461.0"/>
        <jFed:nodeDescription>simple-node</jFed:nodeDescription>
        <interface client_id="node9:if0" component_id="urn:publicid:IDN+wall1.ilabt.iminds.be+interface+n142-05b:eth3" mac_address="003048dd7d75" sliver_id="urn:publicid:IDN+wall1.ilabt.iminds.be+sliver+23517">
            <ip address="192.168.7.2" type="ipv4"/>
        </interface>
        <emulab:vnode name="n142-05b"/>
        <host name="GS7.DEIMO.wall2-ilabt-iminds-be.wall1.ilabt.iminds.be"/>
    </node>
    <node client_id="GS8" component_id="urn:publicid:IDN+wall1.ilabt.iminds.be+node+n143-01a" component_manager_id="urn:publicid:IDN+wall1.ilabt.iminds.be+authority+cm" exclusive="true" sliver_id="urn:publicid:IDN+wall1.ilabt.iminds.be+sliver+23492">
        <sliver_type name="raw-pc"/>
        <services>
            <execute command="sudo route del default gw 10.2.15.254" shell="sh"/>
            <execute command="sudo route add default gw 10.2.15.253" shell="sh"/>
            <execute command="sudo apt-get update" shell="sh"/>
            <execute command="sudo apt-get install python python-mysqldb -y" shell="sh"/>
            <execute command="sudo wget --no-check-certificate https://googledrive.com/host/0B7vtkY3QTQrkZ0RXNm1KcEs0ZW8 -O /users/jbecedas/satellite.py" shell="sh"/>
            <execute command="sudo wget --no-check-certificate https://googledrive.com/host/0B7vtkY3QTQrkXzF4OERoNGJGbzg -O /users/jbecedas/groundstation.py" shell="sh"/>
            <execute command="sudo wget --no-check-certificate https://googledrive.com/host/0B7vtkY3QTQrkcVpzbll3eTk5djg -O /users/jbecedas/add_wanBF.sh" shell="sh"/>
            <execute command="sudo wget --no-check-certificate https://googledrive.com/host/0B7vtkY3QTQrkMVVoWWJ6b3FtNG8 -O /users/jbecedas/install_ftp.sh" shell="sh"/>
            <execute command="sudo bash /users/jbecedas/add_wanBF.sh" shell="sh"/>
            <execute command="sudo bash /users/jbecedas/install_ftp.sh" shell="sh"/>
            <execute command="sudo wget --no-check-certificate https://googledrive.com/host/0B7vtkY3QTQrkYi1GTnZyU0o3Tlk -O /users/jbecedas/push_dbIP.sh" shell="sh"/>
            <execute command="sudo bash /users/jbecedas/push_dbIP.sh 129.215.175.148" shell="sh"/>
            <execute command="sudo touch /tmp/original.bin" shell="sh"/>
            <login authentication="ssh-keys" hostname="n143-01a.wall1.ilabt.iminds.be" port="22" username="jbecedas"/>
        </services>
        <jFed:location x="992.0" y="474.0"/>
        <jFed:nodeDescription>simple-node</jFed:nodeDescription>
        <interface client_id="node10:if0" component_id="urn:publicid:IDN+wall1.ilabt.iminds.be+interface+n143-01a:eth3" mac_address="002590328ad5" sliver_id="urn:publicid:IDN+wall1.ilabt.iminds.be+sliver+23520">
            <ip address="192.168.8.2" type="ipv4"/>
        </interface>
        <emulab:vnode name="n143-01a"/>
        <host name="GS8.DEIMO.wall2-ilabt-iminds-be.wall1.ilabt.iminds.be"/>
    </node>
    <node client_id="GS9" component_id="urn:publicid:IDN+wall1.ilabt.iminds.be+node+n143-02b" component_manager_id="urn:publicid:IDN+wall1.ilabt.iminds.be+authority+cm" exclusive="true" sliver_id="urn:publicid:IDN+wall1.ilabt.iminds.be+sliver+23486">
        <sliver_type name="raw-pc"/>
        <services>
            <execute command="sudo route del default gw 10.2.15.254" shell="sh"/>
            <execute command="sudo route add default gw 10.2.15.253" shell="sh"/>
            <execute command="sudo apt-get update" shell="sh"/>
            <execute command="sudo apt-get install python python-mysqldb -y" shell="sh"/>
            <execute command="sudo wget --no-check-certificate https://googledrive.com/host/0B7vtkY3QTQrkZ0RXNm1KcEs0ZW8 -O /users/jbecedas/satellite.py" shell="sh"/>
            <execute command="sudo wget --no-check-certificate https://googledrive.com/host/0B7vtkY3QTQrkXzF4OERoNGJGbzg -O /users/jbecedas/groundstation.py" shell="sh"/>
            <execute command="sudo wget --no-check-certificate https://googledrive.com/host/0B7vtkY3QTQrkcVpzbll3eTk5djg -O /users/jbecedas/add_wanBF.sh" shell="sh"/>
            <execute command="sudo wget --no-check-certificate https://googledrive.com/host/0B7vtkY3QTQrkMVVoWWJ6b3FtNG8 -O /users/jbecedas/install_ftp.sh" shell="sh"/>
            <execute command="sudo bash /users/jbecedas/add_wanBF.sh" shell="sh"/>
            <execute command="sudo bash /users/jbecedas/install_ftp.sh" shell="sh"/>
            <execute command="sudo wget --no-check-certificate https://googledrive.com/host/0B7vtkY3QTQrkYi1GTnZyU0o3Tlk -O /users/jbecedas/push_dbIP.sh" shell="sh"/>
            <execute command="sudo bash /users/jbecedas/push_dbIP.sh 129.215.175.148" shell="sh"/>
            <execute command="sudo touch /tmp/original.bin" shell="sh"/>
            <login authentication="ssh-keys" hostname="n143-02b.wall1.ilabt.iminds.be" port="22" username="jbecedas"/>
        </services>
        <jFed:location x="1168.0" y="168.0"/>
        <jFed:nodeDescription>simple-node</jFed:nodeDescription>
        <interface client_id="node11:if0" component_id="urn:publicid:IDN+wall1.ilabt.iminds.be+interface+n143-02b:eth3" mac_address="002590328e75" sliver_id="urn:publicid:IDN+wall1.ilabt.iminds.be+sliver+23522">
            <ip address="192.168.9.1" type="ipv4"/>
        </interface>
        <emulab:vnode name="n143-02b"/>
        <host name="GS9.DEIMO.wall2-ilabt-iminds-be.wall1.ilabt.iminds.be"/>
    </node>
    <node client_id="GS10" component_id="urn:publicid:IDN+wall1.ilabt.iminds.be+node+n142-09b" component_manager_id="urn:publicid:IDN+wall1.ilabt.iminds.be+authority+cm" exclusive="true" sliver_id="urn:publicid:IDN+wall1.ilabt.iminds.be+sliver+23489">
        <sliver_type name="raw-pc"/>
        <services>
            <execute command="sudo route del default gw 10.2.15.254" shell="sh"/>
            <execute command="sudo route add default gw 10.2.15.253" shell="sh"/>
            <execute command="sudo apt-get update" shell="sh"/>
            <execute command="sudo apt-get install python python-mysqldb -y" shell="sh"/>
            <execute command="sudo wget --no-check-certificate https://googledrive.com/host/0B7vtkY3QTQrkZ0RXNm1KcEs0ZW8 -O /users/jbecedas/satellite.py" shell="sh"/>
            <execute command="sudo wget --no-check-certificate https://googledrive.com/host/0B7vtkY3QTQrkXzF4OERoNGJGbzg -O /users/jbecedas/groundstation.py" shell="sh"/>
            <execute command="sudo wget --no-check-certificate https://googledrive.com/host/0B7vtkY3QTQrkcVpzbll3eTk5djg -O /users/jbecedas/add_wanBF.sh" shell="sh"/>
            <execute command="sudo wget --no-check-certificate https://googledrive.com/host/0B7vtkY3QTQrkMVVoWWJ6b3FtNG8 -O /users/jbecedas/install_ftp.sh" shell="sh"/>
            <execute command="sudo bash /users/jbecedas/add_wanBF.sh" shell="sh"/>
            <execute command="sudo bash /users/jbecedas/install_ftp.sh" shell="sh"/>
            <execute command="sudo wget --no-check-certificate https://googledrive.com/host/0B7vtkY3QTQrkYi1GTnZyU0o3Tlk -O /users/jbecedas/push_dbIP.sh" shell="sh"/>
            <execute command="sudo bash /users/jbecedas/push_dbIP.sh 129.215.175.148" shell="sh"/>
            <execute command="sudo touch /tmp/original.bin" shell="sh"/>
            <login authentication="ssh-keys" hostname="n142-09b.wall1.ilabt.iminds.be" port="22" username="jbecedas"/>
        </services>
        <jFed:location x="1397.0" y="162.0"/>
        <jFed:nodeDescription>simple-node</jFed:nodeDescription>
        <interface client_id="node12:if0" component_id="urn:publicid:IDN+wall1.ilabt.iminds.be+interface+n142-09b:eth3" mac_address="003048dd7e1d" sliver_id="urn:publicid:IDN+wall1.ilabt.iminds.be+sliver+23528">
            <ip address="192.168.11.1" type="ipv4"/>
        </interface>
        <emulab:vnode name="n142-09b"/>
        <host name="GS10.DEIMO.wall2-ilabt-iminds-be.wall1.ilabt.iminds.be"/>
    </node>
    <node client_id="GS11" component_id="urn:publicid:IDN+wall1.ilabt.iminds.be+node+n142-04b" component_manager_id="urn:publicid:IDN+wall1.ilabt.iminds.be+authority+cm" exclusive="true" sliver_id="urn:publicid:IDN+wall1.ilabt.iminds.be+sliver+23490">
        <sliver_type name="raw-pc"/>
        <services>
            <execute command="sudo route del default gw 10.2.15.254" shell="sh"/>
            <execute command="sudo route add default gw 10.2.15.253" shell="sh"/>
            <execute command="sudo apt-get update" shell="sh"/>
            <execute command="sudo apt-get install python python-mysqldb -y" shell="sh"/>
            <execute command="sudo wget --no-check-certificate https://googledrive.com/host/0B7vtkY3QTQrkZ0RXNm1KcEs0ZW8 -O /users/jbecedas/satellite.py" shell="sh"/>
            <execute command="sudo wget --no-check-certificate https://googledrive.com/host/0B7vtkY3QTQrkXzF4OERoNGJGbzg -O /users/jbecedas/groundstation.py" shell="sh"/>
            <execute command="sudo wget --no-check-certificate https://googledrive.com/host/0B7vtkY3QTQrkcVpzbll3eTk5djg -O /users/jbecedas/add_wanBF.sh" shell="sh"/>
            <execute command="sudo wget --no-check-certificate https://googledrive.com/host/0B7vtkY3QTQrkMVVoWWJ6b3FtNG8 -O /users/jbecedas/install_ftp.sh" shell="sh"/>
            <execute command="sudo bash /users/jbecedas/add_wanBF.sh" shell="sh"/>
            <execute command="sudo bash /users/jbecedas/install_ftp.sh" shell="sh"/>
            <execute command="sudo wget --no-check-certificate https://googledrive.com/host/0B7vtkY3QTQrkYi1GTnZyU0o3Tlk -O /users/jbecedas/push_dbIP.sh" shell="sh"/>
            <execute command="sudo bash /users/jbecedas/push_dbIP.sh 129.215.175.148" shell="sh"/>
            <execute command="sudo touch /tmp/original.bin" shell="sh"/>
            <login authentication="ssh-keys" hostname="n142-04b.wall1.ilabt.iminds.be" port="22" username="jbecedas"/>
        </services>
        <jFed:location x="1214.0" y="457.0"/>
        <jFed:nodeDescription>simple-node</jFed:nodeDescription>
        <interface client_id="node13:if0" component_id="urn:publicid:IDN+wall1.ilabt.iminds.be+interface+n142-04b:eth3" mac_address="003048dd7fb9" sliver_id="urn:publicid:IDN+wall1.ilabt.iminds.be+sliver+23526">
            <ip address="192.168.10.2" type="ipv4"/>
        </interface>
        <emulab:vnode name="n142-04b"/>
        <host name="GS11.DEIMO.wall2-ilabt-iminds-be.wall1.ilabt.iminds.be"/>
    </node>
    <node client_id="GS12" component_id="urn:publicid:IDN+wall1.ilabt.iminds.be+node+n142-15b" component_manager_id="urn:publicid:IDN+wall1.ilabt.iminds.be+authority+cm" exclusive="true" sliver_id="urn:publicid:IDN+wall1.ilabt.iminds.be+sliver+23491">
        <sliver_type name="raw-pc"/>
        <services>
            <execute command="sudo route del default gw 10.2.15.254" shell="sh"/>
            <execute command="sudo route add default gw 10.2.15.253" shell="sh"/>
            <execute command="sudo apt-get update" shell="sh"/>
            <execute command="sudo apt-get install python python-mysqldb -y" shell="sh"/>
            <execute command="sudo wget --no-check-certificate https://googledrive.com/host/0B7vtkY3QTQrkZ0RXNm1KcEs0ZW8 -O /users/jbecedas/satellite.py" shell="sh"/>
            <execute command="sudo wget --no-check-certificate https://googledrive.com/host/0B7vtkY3QTQrkXzF4OERoNGJGbzg -O /users/jbecedas/groundstation.py" shell="sh"/>
            <execute command="sudo wget --no-check-certificate https://googledrive.com/host/0B7vtkY3QTQrkcVpzbll3eTk5djg -O /users/jbecedas/add_wanBF.sh" shell="sh"/>
            <execute command="sudo wget --no-check-certificate https://googledrive.com/host/0B7vtkY3QTQrkMVVoWWJ6b3FtNG8 -O /users/jbecedas/install_ftp.sh" shell="sh"/>
            <execute command="sudo bash /users/jbecedas/add_wanBF.sh" shell="sh"/>
            <execute command="sudo bash /users/jbecedas/install_ftp.sh" shell="sh"/>
            <execute command="sudo wget --no-check-certificate https://googledrive.com/host/0B7vtkY3QTQrkYi1GTnZyU0o3Tlk -O /users/jbecedas/push_dbIP.sh" shell="sh"/>
            <execute command="sudo bash /users/jbecedas/push_dbIP.sh 129.215.175.148" shell="sh"/>
            <execute command="sudo touch /tmp/original.bin" shell="sh"/>
            <login authentication="ssh-keys" hostname="n142-15b.wall1.ilabt.iminds.be" port="22" username="jbecedas"/>
        </services>
        <jFed:location x="1452.0" y="449.0"/>
        <jFed:nodeDescription>simple-node</jFed:nodeDescription>
        <interface client_id="node14:if0" component_id="urn:publicid:IDN+wall1.ilabt.iminds.be+interface+n142-15b:eth4" mac_address="003048dd7afa" sliver_id="urn:publicid:IDN+wall1.ilabt.iminds.be+sliver+23532">
            <ip address="192.168.12.2" type="ipv4"/>
        </interface>
        <emulab:vnode name="n142-15b"/>
        <host name="GS12.DEIMO.wall2-ilabt-iminds-be.wall1.ilabt.iminds.be"/>
    </node>
    <link client_id="link7" sliver_id="urn:publicid:IDN+wall1.ilabt.iminds.be+sliver+23497" vlantag="120">
        <component_manager name="urn:publicid:IDN+wall1.ilabt.iminds.be+authority+cm"/>
        <link_type name="lan"/>
        <interface_ref client_id="SS1:if0" component_id="urn:publicid:IDN+wall1.ilabt.iminds.be+interface+n144-11a:eth3" sliver_id="urn:publicid:IDN+wall1.ilabt.iminds.be+sliver+23498"/>
        <interface_ref client_id="node3:if0" component_id="urn:publicid:IDN+wall1.ilabt.iminds.be+interface+n144-13a:eth4" sliver_id="urn:publicid:IDN+wall1.ilabt.iminds.be+sliver+23499"/>
    </link>
    <link client_id="link9" sliver_id="urn:publicid:IDN+wall1.ilabt.iminds.be+sliver+23500" vlantag="198">
        <component_manager name="urn:publicid:IDN+wall1.ilabt.iminds.be+authority+cm"/>
        <link_type name="lan"/>
        <interface_ref client_id="SS1:if2" component_id="urn:publicid:IDN+wall1.ilabt.iminds.be+interface+n144-11a:eth5" sliver_id="urn:publicid:IDN+wall1.ilabt.iminds.be+sliver+23501"/>
        <interface_ref client_id="node5:if0" component_id="urn:publicid:IDN+wall1.ilabt.iminds.be+interface+n142-07a:eth3" sliver_id="urn:publicid:IDN+wall1.ilabt.iminds.be+sliver+23502"/>
    </link>
    <link client_id="link8" sliver_id="urn:publicid:IDN+wall1.ilabt.iminds.be+sliver+23503" vlantag="119">
        <component_manager name="urn:publicid:IDN+wall1.ilabt.iminds.be+authority+cm"/>
        <link_type name="lan"/>
        <interface_ref client_id="SS1:if3" component_id="urn:publicid:IDN+wall1.ilabt.iminds.be+interface+n144-11a:eth2" sliver_id="urn:publicid:IDN+wall1.ilabt.iminds.be+sliver+23504"/>
        <interface_ref client_id="node4:if0" component_id="urn:publicid:IDN+wall1.ilabt.iminds.be+interface+n142-10a:eth4" sliver_id="urn:publicid:IDN+wall1.ilabt.iminds.be+sliver+23505"/>
    </link>
    <link client_id="link10" sliver_id="urn:publicid:IDN+wall1.ilabt.iminds.be+sliver+23506" vlantag="116">
        <component_manager name="urn:publicid:IDN+wall1.ilabt.iminds.be+authority+cm"/>
        <link_type name="lan"/>
        <interface_ref client_id="SS1:if4" component_id="urn:publicid:IDN+wall1.ilabt.iminds.be+interface+n144-11a:eth4" sliver_id="urn:publicid:IDN+wall1.ilabt.iminds.be+sliver+23507"/>
        <interface_ref client_id="node6:if0" component_id="urn:publicid:IDN+wall1.ilabt.iminds.be+interface+n142-08a:eth3" sliver_id="urn:publicid:IDN+wall1.ilabt.iminds.be+sliver+23508"/>
    </link>
    <link client_id="link11" sliver_id="urn:publicid:IDN+wall1.ilabt.iminds.be+sliver+23509" vlantag="201">
        <component_manager name="urn:publicid:IDN+wall1.ilabt.iminds.be+authority+cm"/>
        <link_type name="lan"/>
        <interface_ref client_id="node7:if0" component_id="urn:publicid:IDN+wall1.ilabt.iminds.be+interface+n142-05a:eth3" sliver_id="urn:publicid:IDN+wall1.ilabt.iminds.be+sliver+23510"/>
        <interface_ref client_id="SS2:if0" component_id="urn:publicid:IDN+wall1.ilabt.iminds.be+interface+n144-12b:eth4" sliver_id="urn:publicid:IDN+wall1.ilabt.iminds.be+sliver+23511"/>
    </link>
    <link client_id="link12" sliver_id="urn:publicid:IDN+wall1.ilabt.iminds.be+sliver+23512" vlantag="122">
        <component_manager name="urn:publicid:IDN+wall1.ilabt.iminds.be+authority+cm"/>
        <link_type name="lan"/>
        <interface_ref client_id="SS2:if1" component_id="urn:publicid:IDN+wall1.ilabt.iminds.be+interface+n144-12b:eth3" sliver_id="urn:publicid:IDN+wall1.ilabt.iminds.be+sliver+23513"/>
        <interface_ref client_id="node8:if0" component_id="urn:publicid:IDN+wall1.ilabt.iminds.be+interface+n143-05a:eth4" sliver_id="urn:publicid:IDN+wall1.ilabt.iminds.be+sliver+23514"/>
    </link>
    <link client_id="link13" sliver_id="urn:publicid:IDN+wall1.ilabt.iminds.be+sliver+23515" vlantag="128">
        <component_manager name="urn:publicid:IDN+wall1.ilabt.iminds.be+authority+cm"/>
        <link_type name="lan"/>
        <interface_ref client_id="SS2:if2" component_id="urn:publicid:IDN+wall1.ilabt.iminds.be+interface+n144-12b:eth2" sliver_id="urn:publicid:IDN+wall1.ilabt.iminds.be+sliver+23516"/>
        <interface_ref client_id="node9:if0" component_id="urn:publicid:IDN+wall1.ilabt.iminds.be+interface+n142-05b:eth3" sliver_id="urn:publicid:IDN+wall1.ilabt.iminds.be+sliver+23517"/>
    </link>
    <link client_id="link14" sliver_id="urn:publicid:IDN+wall1.ilabt.iminds.be+sliver+23518" vlantag="196">
        <component_manager name="urn:publicid:IDN+wall1.ilabt.iminds.be+authority+cm"/>
        <link_type name="lan"/>
        <interface_ref client_id="SS2:if3" component_id="urn:publicid:IDN+wall1.ilabt.iminds.be+interface+n144-12b:eth5" sliver_id="urn:publicid:IDN+wall1.ilabt.iminds.be+sliver+23519"/>
        <interface_ref client_id="node10:if0" component_id="urn:publicid:IDN+wall1.ilabt.iminds.be+interface+n143-01a:eth3" sliver_id="urn:publicid:IDN+wall1.ilabt.iminds.be+sliver+23520"/>
    </link>
    <link client_id="link15" sliver_id="urn:publicid:IDN+wall1.ilabt.iminds.be+sliver+23521" vlantag="199">
        <component_manager name="urn:publicid:IDN+wall1.ilabt.iminds.be+authority+cm"/>
        <link_type name="lan"/>
        <interface_ref client_id="node11:if0" component_id="urn:publicid:IDN+wall1.ilabt.iminds.be+interface+n143-02b:eth3" sliver_id="urn:publicid:IDN+wall1.ilabt.iminds.be+sliver+23522"/>
        <interface_ref client_id="SS3:if0" component_id="urn:publicid:IDN+wall1.ilabt.iminds.be+interface+n144-10a:eth4" sliver_id="urn:publicid:IDN+wall1.ilabt.iminds.be+sliver+23523"/>
    </link>
    <link client_id="link16" sliver_id="urn:publicid:IDN+wall1.ilabt.iminds.be+sliver+23524" vlantag="100">
        <component_manager name="urn:publicid:IDN+wall1.ilabt.iminds.be+authority+cm"/>
        <link_type name="lan"/>
        <interface_ref client_id="SS3:if1" component_id="urn:publicid:IDN+wall1.ilabt.iminds.be+interface+n144-10a:eth3" sliver_id="urn:publicid:IDN+wall1.ilabt.iminds.be+sliver+23525"/>
        <interface_ref client_id="node13:if0" component_id="urn:publicid:IDN+wall1.ilabt.iminds.be+interface+n142-04b:eth3" sliver_id="urn:publicid:IDN+wall1.ilabt.iminds.be+sliver+23526"/>
    </link>
    <link client_id="link17" sliver_id="urn:publicid:IDN+wall1.ilabt.iminds.be+sliver+23527" vlantag="197">
        <component_manager name="urn:publicid:IDN+wall1.ilabt.iminds.be+authority+cm"/>
        <link_type name="lan"/>
        <interface_ref client_id="node12:if0" component_id="urn:publicid:IDN+wall1.ilabt.iminds.be+interface+n142-09b:eth3" sliver_id="urn:publicid:IDN+wall1.ilabt.iminds.be+sliver+23528"/>
        <interface_ref client_id="SS3:if2" component_id="urn:publicid:IDN+wall1.ilabt.iminds.be+interface+n144-10a:eth2" sliver_id="urn:publicid:IDN+wall1.ilabt.iminds.be+sliver+23529"/>
    </link>
    <link client_id="link18" sliver_id="urn:publicid:IDN+wall1.ilabt.iminds.be+sliver+23530" vlantag="200">
        <component_manager name="urn:publicid:IDN+wall1.ilabt.iminds.be+authority+cm"/>
        <link_type name="lan"/>
        <interface_ref client_id="SS3:if3" component_id="urn:publicid:IDN+wall1.ilabt.iminds.be+interface+n144-10a:eth5" sliver_id="urn:publicid:IDN+wall1.ilabt.iminds.be+sliver+23531"/>
        <interface_ref client_id="node14:if0" component_id="urn:publicid:IDN+wall1.ilabt.iminds.be+interface+n142-15b:eth4" sliver_id="urn:publicid:IDN+wall1.ilabt.iminds.be+sliver+23532"/>
    </link>
</rspec>

