\BOOKMARK [0][-]{chapter*.1}{Abstract}{}% 1
\BOOKMARK [0][-]{chapter*.3}{Contents}{}% 2
\BOOKMARK [0][-]{chapter*.4}{List of Tables}{}% 3
\BOOKMARK [0][-]{chapter*.5}{List of Figures}{}% 4
\BOOKMARK [0][-]{chapter*.6}{Listings}{}% 5
\BOOKMARK [0][-]{chapter*.7}{List of acronyms}{}% 6
\BOOKMARK [0][-]{chapter*.8}{Acknowledgements}{}% 7
\BOOKMARK [0][-]{chapter.1}{Introduction}{}% 8
\BOOKMARK [1][-]{section.1.1}{Earth Observation}{chapter.1}% 9
\BOOKMARK [1][-]{section.1.2}{Cloud Computing}{chapter.1}% 10
\BOOKMARK [1][-]{section.1.3}{The Fed4FIRE European Project}{chapter.1}% 11
\BOOKMARK [1][-]{section.1.4}{The Geo-Cloud Experiment Overview}{chapter.1}% 12
\BOOKMARK [2][-]{subsection.1.4.1}{Experiment Description}{section.1.4}% 13
\BOOKMARK [2][-]{subsection.1.4.2}{Impact in Fed4FIRE}{section.1.4}% 14
\BOOKMARK [2][-]{subsection.1.4.3}{Scientific and Technological Impact}{section.1.4}% 15
\BOOKMARK [2][-]{subsection.1.4.4}{Socio-Economic Impact}{section.1.4}% 16
\BOOKMARK [1][-]{section.1.5}{Document Structure}{chapter.1}% 17
\BOOKMARK [0][-]{chapter.2}{Project Background}{}% 18
\BOOKMARK [1][-]{section.2.1}{Earth Observation Satellites}{chapter.2}% 19
\BOOKMARK [2][-]{subsection.2.1.1}{Orbital Mechanics}{section.2.1}% 20
\BOOKMARK [2][-]{subsection.2.1.2}{Spatial Telescopes }{section.2.1}% 21
\BOOKMARK [2][-]{subsection.2.1.3}{Data Management}{section.2.1}% 22
\BOOKMARK [2][-]{subsection.2.1.4}{Ground Segment}{section.2.1}% 23
\BOOKMARK [1][-]{section.2.2}{High-level languages}{chapter.2}% 24
\BOOKMARK [2][-]{subsection.2.2.1}{XML}{section.2.2}% 25
\BOOKMARK [2][-]{subsection.2.2.2}{JSON}{section.2.2}% 26
\BOOKMARK [2][-]{subsection.2.2.3}{Scripting languages}{section.2.2}% 27
\BOOKMARK [1][-]{section.2.3}{Networking}{chapter.2}% 28
\BOOKMARK [2][-]{subsection.2.3.1}{Impairments}{section.2.3}% 29
\BOOKMARK [2][-]{subsection.2.3.2}{Networking Software}{section.2.3}% 30
\BOOKMARK [1][-]{section.2.4}{Federated Infrastructures}{chapter.2}% 31
\BOOKMARK [2][-]{subsection.2.4.1}{Fed4FIRE Testbeds}{section.2.4}% 32
\BOOKMARK [2][-]{subsection.2.4.2}{Federated Tools}{section.2.4}% 33
\BOOKMARK [1][-]{section.2.5}{Graphical User Interfaces}{chapter.2}% 34
\BOOKMARK [2][-]{subsection.2.5.1}{Frameworks}{section.2.5}% 35
\BOOKMARK [1][-]{section.2.6}{Database}{chapter.2}% 36
\BOOKMARK [2][-]{subsection.2.6.1}{DBMS}{section.2.6}% 37
\BOOKMARK [1][-]{section.2.7}{Distributed Systems}{chapter.2}% 38
\BOOKMARK [2][-]{subsection.2.7.1}{Middleware}{section.2.7}% 39
\BOOKMARK [1][-]{section.2.8}{Software Design}{chapter.2}% 40
\BOOKMARK [2][-]{subsection.2.8.1}{Multiplatform source}{section.2.8}% 41
\BOOKMARK [2][-]{subsection.2.8.2}{Software Development Life Cycles}{section.2.8}% 42
\BOOKMARK [2][-]{subsection.2.8.3}{Design Patterns}{section.2.8}% 43
\BOOKMARK [2][-]{subsection.2.8.4}{Testing}{section.2.8}% 44
\BOOKMARK [0][-]{chapter.3}{Objectives}{}% 45
\BOOKMARK [1][-]{section.3.1}{General Aim}{chapter.3}% 46
\BOOKMARK [1][-]{section.3.2}{Specific Objectives}{chapter.3}% 47
\BOOKMARK [0][-]{chapter.4}{Method of work}{}% 48
\BOOKMARK [1][-]{section.4.1}{Development Methodology}{chapter.4}% 49
\BOOKMARK [1][-]{section.4.2}{Tools}{chapter.4}% 50
\BOOKMARK [2][-]{subsection.4.2.1}{Programming Languages}{section.4.2}% 51
\BOOKMARK [2][-]{subsection.4.2.2}{Hardware}{section.4.2}% 52
\BOOKMARK [2][-]{subsection.4.2.3}{Software}{section.4.2}% 53
\BOOKMARK [0][-]{chapter.5}{The Geo-Cloud Experiment}{}% 54
\BOOKMARK [1][-]{section.5.1}{Satellite System Design}{chapter.5}% 55
\BOOKMARK [2][-]{subsection.5.1.1}{Design of the flight and ground segments}{section.5.1}% 56
\BOOKMARK [2][-]{subsection.5.1.2}{Generated Data Volume}{section.5.1}% 57
\BOOKMARK [1][-]{section.5.2}{Satellite System Development}{chapter.5}% 58
\BOOKMARK [2][-]{subsection.5.2.1}{Image Acquisition}{section.5.2}% 59
\BOOKMARK [2][-]{subsection.5.2.2}{Image Downloading}{section.5.2}% 60
\BOOKMARK [2][-]{subsection.5.2.3}{Getting the satellite data}{section.5.2}% 61
\BOOKMARK [2][-]{subsection.5.2.4}{Space System Simulator}{section.5.2}% 62
\BOOKMARK [2][-]{subsection.5.2.5}{Satellite System Simulator}{section.5.2}% 63
\BOOKMARK [2][-]{subsection.5.2.6}{Ground Station System Simulator}{section.5.2}% 64
\BOOKMARK [1][-]{section.5.3}{Implementation in Virtual Wall}{chapter.5}% 65
\BOOKMARK [2][-]{subsection.5.3.1}{Implementation in Virtual Wall}{section.5.3}% 66
\BOOKMARK [1][-]{section.5.4}{Cloud Architecture}{chapter.5}% 67
\BOOKMARK [2][-]{subsection.5.4.1}{Processing Chain}{section.5.4}% 68
\BOOKMARK [2][-]{subsection.5.4.2}{Archive and Catalogue}{section.5.4}% 69
\BOOKMARK [2][-]{subsection.5.4.3}{Orchestrator}{section.5.4}% 70
\BOOKMARK [1][-]{section.5.5}{Implementation in BonFIRE}{chapter.5}% 71
\BOOKMARK [1][-]{section.5.6}{Integration Virtual Wall-BonFIRE}{chapter.5}% 72
\BOOKMARK [1][-]{section.5.7}{Profilling Tool in PlanetLab}{chapter.5}% 73
\BOOKMARK [2][-]{subsection.5.7.1}{Definitions}{section.5.7}% 74
\BOOKMARK [2][-]{subsection.5.7.2}{Platform description}{section.5.7}% 75
\BOOKMARK [2][-]{subsection.5.7.3}{Tools description}{section.5.7}% 76
\BOOKMARK [2][-]{subsection.5.7.4}{PlanetLab Experiment}{section.5.7}% 77
\BOOKMARK [2][-]{subsection.5.7.5}{Conclusions}{section.5.7}% 78
\BOOKMARK [1][-]{section.5.8}{GEO-Cloud GUI}{chapter.5}% 79
\BOOKMARK [2][-]{subsection.5.8.1}{Architecture}{section.5.8}% 80
\BOOKMARK [2][-]{subsection.5.8.2}{Execution}{section.5.8}% 81
\BOOKMARK [0][-]{chapter.6}{Project Evolution and Cost}{}% 82
\BOOKMARK [1][-]{section.6.1}{Project Evolution}{chapter.6}% 83
\BOOKMARK [1][-]{section.6.2}{Cost}{chapter.6}% 84
\BOOKMARK [0][-]{chapter.7}{Results}{}% 85
\BOOKMARK [1][-]{section.7.1}{PlanetLab Experiment Results}{chapter.7}% 86
\BOOKMARK [1][-]{section.7.2}{GEO-Cloud Experiment Results}{chapter.7}% 87
\BOOKMARK [0][-]{chapter.8}{Conclusions}{}% 88
\BOOKMARK [0][-]{appendix.A}{User Manual}{}% 89
\BOOKMARK [1][-]{section.A.1}{First steps}{appendix.A}% 90
\BOOKMARK [0][-]{appendix.B}{PlanetLab Nodes}{}% 91
\BOOKMARK [0][-]{appendix*.113}{Bibliography}{}% 92
